<?xml version="1.0" encoding="UTF-8"?>
<!-- Generated by org.testng.reporters.JUnitXMLReporter -->
<testsuite ignored="9" hostname="BA-000311890" failures="0" tests="24" name="Regression Suite" time="47.06" errors="0" timestamp="2023-05-19T10:41:59 IST">
  <testcase classname="com.nxtgenai.testcases.ScreenNavigation" name="validatingHomePageNavigation" time="0.921"/>
  <testcase classname="com.nxtgenai.testcases.ScreenNavigation" name="validatingSeleniumAutomationCurriculumNavigation" time="1.063"/>
  <testcase classname="com.nxtgenai.testcases.ScreenNavigation" name="validatingRegistrationFormNavigation" time="1.379"/>
  <testcase classname="com.nxtgenai.testcases.ScreenNavigation" name="validatingAlertPopUpNavigation" time="1.165"/>
  <testcase classname="com.nxtgenai.testcases.ScreenNavigation" name="validatingMultipleWindowsNavigation" time="1.088"/>
  <testcase classname="com.nxtgenai.testcases.ScreenNavigation" name="validatingWebTableNavigation" time="1.138"/>
  <testcase classname="com.nxtgenai.testcases.ScreenNavigation" name="validatingMouseEventNavigation" time="1.085"/>
  <testcase classname="com.nxtgenai.testcases.ScreenNavigation" name="validatingProgressBarNavigation" time="1.121"/>
  <testcase classname="com.nxtgenai.testcases.ScreenNavigation" name="validatingDynamicTransactionNavigation" time="1.075"/>
  <testcase classname="com.nxtgenai.testcases.ScreenNavigation" name="validatingFramesNavigation" time="1.417"/>
  <testcase classname="com.nxtgenai.testcases.ScreenNavigation" name="validatingTechTalkNavigation" time="1.188"/>
  <testcase classname="com.nxtgenai.testcases.ScreenNavigation" name="validatingTestimonialsNavigation" time="1.896"/>
  <testcase classname="com.nxtgenai.testcases.ScreenNavigation" name="validatingPythonForAutomationNavigation" time="1.248"/>
  <testcase classname="com.nxtgenai.testcases.RegisterDemo" name="registerUser" time="6.504"/>
  <testcase classname="com.nxtgenai.testcases.RegisterDemo" name="registerUser" time="3.605"/>
  <testcase classname="com.nxtgenai.testcases.HandlingPopUp" name="validateAlertPopUp" time="0.095"/>
  <testcase classname="com.nxtgenai.testcases.HandlingPopUp" name="validateConfirmAlertPopUp" time="0.165"/>
  <testcase classname="com.nxtgenai.testcases.HandlingPopUp" name="validatePromptAlertPopUp" time="0.282"/>
  <testcase classname="com.nxtgenai.testcases.HandlingMultipleWindows" name="handlingMultipleBrowsers" time="2.795"/>
  <testcase classname="com.nxtgenai.testcases.HandlingMultipleWindows" name="handlingMultipleTabs" time="3.194"/>
  <testcase classname="com.nxtgenai.testcases.HandlingMultipleWindows" name="handlingMultipleMessageWindow" time="2.284"/>
  <testcase classname="com.nxtgenai.testcases.HandlingMouseEvent" name="validateDoubleClickMe" time="0.173"/>
  <testcase classname="com.nxtgenai.testcases.HandlingMouseEvent" name="validateRegistrationFormOption" time="0.81"/>
  <testcase classname="com.nxtgenai.testcases.HandlingMouseEvent" name="validateAlertPopUpOption" time="0.721"/>
  <testcase classname="com.nxtgenai.driverscript.TestBase" name="@BeforeSuite setUp" time="0.0">
    <ignored/>
  </testcase> <!-- @BeforeSuite setUp -->
  <testcase classname="com.nxtgenai.driverscript.TestBase" name="@BeforeSuite setUp" time="0.0">
    <ignored/>
  </testcase> <!-- @BeforeSuite setUp -->
  <testcase classname="com.nxtgenai.driverscript.TestBase" name="@AfterSuite tearDown" time="0.0">
    <ignored/>
  </testcase> <!-- @AfterSuite tearDown -->
  <testcase classname="com.nxtgenai.driverscript.TestBase" name="@AfterSuite tearDown" time="0.0">
    <ignored/>
  </testcase> <!-- @AfterSuite tearDown -->
  <testcase classname="com.nxtgenai.driverscript.TestBase" name="@BeforeSuite setUp" time="0.0">
    <ignored/>
  </testcase> <!-- @BeforeSuite setUp -->
  <testcase classname="com.nxtgenai.driverscript.TestBase" name="@BeforeSuite setUp" time="0.0">
    <ignored/>
  </testcase> <!-- @BeforeSuite setUp -->
  <testcase classname="com.nxtgenai.testcases.ScreenNavigation" name="validatingAutomationToolsCurriculumNavigation" time="0.0">
    <ignored/>
  </testcase> <!-- validatingAutomationToolsCurriculumNavigation -->
  <testcase classname="com.nxtgenai.driverscript.TestBase" name="@AfterSuite tearDown" time="0.0">
    <ignored/>
  </testcase> <!-- @AfterSuite tearDown -->
  <testcase classname="com.nxtgenai.driverscript.TestBase" name="@AfterSuite tearDown" time="0.0">
    <ignored/>
  </testcase> <!-- @AfterSuite tearDown -->
</testsuite> <!-- Regression Suite -->
