<?xml version="1.0" encoding="UTF-8"?>
<!-- Generated by org.testng.reporters.JUnitXMLReporter -->
<testsuite ignored="0" hostname="LAPTOP-40C8QB9U" failures="0" tests="4" name="Default test" time="17.229" errors="0" timestamp="2023-05-25T19:37:17 IST">
  <testcase classname="com.orangehrm.testcases.ViewAndEditEmployeeDetails" name="loginApplication" time="4.871"/>
  <testcase classname="com.orangehrm.testcases.ViewAndEditEmployeeDetails" name="viewEmployeeList" time="5.633"/>
  <testcase classname="com.orangehrm.testcases.ViewAndEditEmployeeDetails" name="editEmployeeDetails" time="5.549"/>
  <testcase classname="com.orangehrm.testcases.ViewAndEditEmployeeDetails" name="logoutApplication" time="1.086"/>
</testsuite> <!-- Default test -->
