<?xml version="1.0" encoding="UTF-8"?>
<!-- Generated by org.testng.reporters.JUnitXMLReporter -->
<testsuite ignored="4" hostname="LAPTOP-40C8QB9U" failures="0" tests="11" name="OrangeHRM Test Cases" time="60.04" errors="0" timestamp="2023-05-25T20:12:06 IST">
  <testcase classname="com.orangehrm.testcases.AddUser" name="loginApplication" time="3.588"/>
  <testcase classname="com.orangehrm.testcases.AddUser" name="addEmployee" time="23.087"/>
  <testcase classname="com.orangehrm.testcases.AddUser" name="searchEmployee" time="2.58"/>
  <testcase classname="com.orangehrm.testcases.AddUser" name="logoutApplication" time="1.012"/>
  <testcase classname="com.orangehrm.testcases.ViewAndEditEmployeeDetails" name="loginApplication" time="1.936"/>
  <testcase classname="com.orangehrm.testcases.ViewAndEditEmployeeDetails" name="viewEmployeeList" time="5.971"/>
  <testcase classname="com.orangehrm.testcases.ViewAndEditEmployeeDetails" name="editEmployeeDetails" time="4.268"/>
  <testcase classname="com.orangehrm.testcases.ViewAndEditEmployeeDetails" name="logoutApplication" time="0.881"/>
  <testcase classname="com.orangehrm.testcases.EditTimeSheet" name="loginApplication" time="2.907"/>
  <testcase classname="com.orangehrm.testcases.EditTimeSheet" name="editTimeSheet" time="12.819"/>
  <testcase classname="com.orangehrm.testcases.EditTimeSheet" name="logoutApplication" time="0.871"/>
  <testcase classname="com.orangehrm.driverscript.TestBase" name="@AfterSuite tearDown" time="0.0">
    <ignored/>
  </testcase> <!-- @AfterSuite tearDown -->
  <testcase classname="com.orangehrm.driverscript.TestBase" name="@AfterSuite tearDown" time="0.0">
    <ignored/>
  </testcase> <!-- @AfterSuite tearDown -->
  <testcase classname="com.orangehrm.driverscript.TestBase" name="@BeforeSuite setUp" time="0.0">
    <ignored/>
  </testcase> <!-- @BeforeSuite setUp -->
  <testcase classname="com.orangehrm.driverscript.TestBase" name="@BeforeSuite setUp" time="0.0">
    <ignored/>
  </testcase> <!-- @BeforeSuite setUp -->
</testsuite> <!-- OrangeHRM Test Cases -->
